Quizgame/app/build/intermediates/manifest_merge_blame_file/debug/manifest-merger-blame-debug-report.txt
1<?xml version="1.0" encoding="utf-8"?>
2<manifest xmlns:android="http://schemas.android.com/apk/res/android"
3    package="com.example.quizgame"
4    android:versionCode="1"
5    android:versionName="1.0" >
6
7    <uses-sdk
8        android:minSdkVersion="21"
8-->src\main\AndroidManifest.xml
9        android:targetSdkVersion="32" />
9-->src\main\AndroidManifest.xml
10
11    <uses-permission android:name="android.permission.INTERNET" />
11-->[com.google.firebase:firebase-auth:21.0.8] AndroidManifest.xml:23:5-67
11-->[com.google.firebase:firebase-auth:21.0.8] AndroidManifest.xml:23:22-64
12    <uses-permission android:name="android.permission.ACCESS_NETWORK_STATE" />
12-->[com.google.firebase:firebase-auth:21.0.8] AndroidManifest.xml:24:5-79
12-->[com.google.firebase:firebase-auth:21.0.8] AndroidManifest.xml:24:22-76
13
14    <application
14-->src\main\AndroidManifest.xml:6:5-54:19
15        android:allowBackup="true"
15-->src\main\AndroidManifest.xml:7:9-35
16        android:appComponentFactory="androidx.core.app.CoreComponentFactory"
16-->[androidx.core:core:1.8.0] AndroidManifest.xml:24:18-86
17        android:dataExtractionRules="@xml/data_extraction_rules"
17-->src\main\AndroidManifest.xml:8:9-65
18        android:debuggable="true"
19        android:fullBackupContent="@xml/backup_rules"
19-->src\main\AndroidManifest.xml:9:9-54
20        android:icon="@drawable/img2"
20-->src\main\AndroidManifest.xml:10:9-38
21        android:label="@string/app_name"
21-->src\main\AndroidManifest.xml:11:9-41
22        android:roundIcon="@drawable/img2"
22-->src\main\AndroidManifest.xml:12:9-43
23        android:supportsRtl="true"
23-->src\main\AndroidManifest.xml:13:9-35
24        android:testOnly="true"
25        android:theme="@style/Theme.QuizGame" >
25-->src\main\AndroidManifest.xml:14:9-46
26        <activity
26-->src\main\AndroidManifest.xml:16:9-18:40
27            android:name="com.example.quizgame.try_"
27-->src\main\AndroidManifest.xml:17:13-33
28            android:exported="false" />
28-->src\main\AndroidManifest.xml:18:13-37
29        <activity
29-->src\main\AndroidManifest.xml:19:9-21:40
30            android:name="com.example.quizgame.login.create_profile"
30-->src\main\AndroidManifest.xml:20:13-49
31            android:exported="false" />
31-->src\main\AndroidManifest.xml:21:13-37
32        <activity
32-->src\main\AndroidManifest.xml:22:9-24:40
33            android:name="com.example.quizgame.quiz.result"
33-->src\main\AndroidManifest.xml:23:13-40
34            android:exported="false" />
34-->src\main\AndroidManifest.xml:24:13-37
35        <activity
35-->src\main\AndroidManifest.xml:25:9-27:40
36            android:name="com.example.quizgame.result_page"
36-->src\main\AndroidManifest.xml:26:13-40
37            android:exported="false" />
37-->src\main\AndroidManifest.xml:27:13-37
38        <activity
38-->src\main\AndroidManifest.xml:28:9-30:40
39            android:name="com.example.quizgame.quiz.quiz_page"
39-->src\main\AndroidManifest.xml:29:13-43
40            android:exported="false" />
40-->src\main\AndroidManifest.xml:30:13-37
41        <activity
41-->src\main\AndroidManifest.xml:31:9-33:40
42            android:name="com.example.quizgame.login.forget_pass"
42-->src\main\AndroidManifest.xml:32:13-46
43            android:exported="false" />
43-->src\main\AndroidManifest.xml:33:13-37
44        <activity
44-->src\main\AndroidManifest.xml:34:9-36:40
45            android:name="com.example.quizgame.quiz.Main_page"
45-->src\main\AndroidManifest.xml:35:13-43
46            android:exported="false" />
46-->src\main\AndroidManifest.xml:36:13-37
47        <activity
47-->src\main\AndroidManifest.xml:37:9-39:40
48            android:name="com.example.quizgame.login.Sign_up"
48-->src\main\AndroidManifest.xml:38:13-42
49            android:exported="false" />
49-->src\main\AndroidManifest.xml:39:13-37
50        <activity
50-->src\main\AndroidManifest.xml:40:9-43:58
51            android:name="com.example.quizgame.login.log_in"
51-->src\main\AndroidManifest.xml:41:13-41
52            android:exported="false"
52-->src\main\AndroidManifest.xml:42:13-37
53            android:theme="@style/Theme.splash_screen" />
53-->src\main\AndroidManifest.xml:43:13-55
54        <activity
54-->src\main\AndroidManifest.xml:44:9-53:20
55            android:name="com.example.quizgame.login.MainActivity"
55-->src\main\AndroidManifest.xml:45:13-47
56            android:exported="true"
56-->src\main\AndroidManifest.xml:46:13-36
57            android:theme="@style/Theme.splash_screen" >
57-->src\main\AndroidManifest.xml:47:13-55
58            <intent-filter>
58-->src\main\AndroidManifest.xml:48:13-52:29
59                <action android:name="android.intent.action.MAIN" />
59-->src\main\AndroidManifest.xml:49:17-69
59-->src\main\AndroidManifest.xml:49:25-66
60
61                <category android:name="android.intent.category.LAUNCHER" />
61-->src\main\AndroidManifest.xml:51:17-77
61-->src\main\AndroidManifest.xml:51:27-74
62            </intent-filter>
63        </activity>
64        <activity
64-->[com.google.firebase:firebase-auth:21.0.8] AndroidManifest.xml:27:9-44:20
65            android:name="com.google.firebase.auth.internal.GenericIdpActivity"
65-->[com.google.firebase:firebase-auth:21.0.8] AndroidManifest.xml:28:13-80
66            android:excludeFromRecents="true"
66-->[com.google.firebase:firebase-auth:21.0.8] AndroidManifest.xml:29:13-46
67            android:exported="true"
67-->[com.google.firebase:firebase-auth:21.0.8] AndroidManifest.xml:30:13-36
68            android:launchMode="singleTask"
68-->[com.google.firebase:firebase-auth:21.0.8] AndroidManifest.xml:31:13-44
69            android:theme="@android:style/Theme.Translucent.NoTitleBar" >
69-->[com.google.firebase:firebase-auth:21.0.8] AndroidManifest.xml:32:13-72
70            <intent-filter>
70-->[com.google.firebase:firebase-auth:21.0.8] AndroidManifest.xml:33:13-43:29
71                <action android:name="android.intent.action.VIEW" />
71-->[com.google.firebase:firebase-auth:21.0.8] AndroidManifest.xml:34:17-69
71-->[com.google.firebase:firebase-auth:21.0.8] AndroidManifest.xml:34:25-66
72
73                <category android:name="android.intent.category.DEFAULT" />
73-->[com.google.firebase:firebase-auth:21.0.8] AndroidManifest.xml:36:17-76
73-->[com.google.firebase:firebase-auth:21.0.8] AndroidManifest.xml:36:27-73
74                <category android:name="android.intent.category.BROWSABLE" />
74-->[com.google.firebase:firebase-auth:21.0.8] AndroidManifest.xml:37:17-78
74-->[com.google.firebase:firebase-auth:21.0.8] AndroidManifest.xml:37:27-75
75
76                <data
76-->[com.google.firebase:firebase-auth:21.0.8] AndroidManifest.xml:39:17-42:51
77                    android:host="firebase.auth"
77-->[com.google.firebase:firebase-auth:21.0.8] AndroidManifest.xml:40:21-49
78                    android:path="/"
78-->[com.google.firebase:firebase-auth:21.0.8] AndroidManifest.xml:41:21-37
79                    android:scheme="genericidp" />
79-->[com.google.firebase:firebase-auth:21.0.8] AndroidManifest.xml:42:21-48
80            </intent-filter>
81        </activity>
82        <activity
82-->[com.google.firebase:firebase-auth:21.0.8] AndroidManifest.xml:45:9-62:20
83            android:name="com.google.firebase.auth.internal.RecaptchaActivity"
83-->[com.google.firebase:firebase-auth:21.0.8] AndroidManifest.xml:46:13-79
84            android:excludeFromRecents="true"
84-->[com.google.firebase:firebase-auth:21.0.8] AndroidManifest.xml:47:13-46
85            android:exported="true"
85-->[com.google.firebase:firebase-auth:21.0.8] AndroidManifest.xml:48:13-36
86            android:launchMode="singleTask"
86-->[com.google.firebase:firebase-auth:21.0.8] AndroidManifest.xml:49:13-44
87            android:theme="@android:style/Theme.Translucent.NoTitleBar" >
87-->[com.google.firebase:firebase-auth:21.0.8] AndroidManifest.xml:50:13-72
88            <intent-filter>
88-->[com.google.firebase:firebase-auth:21.0.8] AndroidManifest.xml:51:13-61:29
89                <action android:name="android.intent.action.VIEW" />
89-->[com.google.firebase:firebase-auth:21.0.8] AndroidManifest.xml:34:17-69
89-->[com.google.firebase:firebase-auth:21.0.8] AndroidManifest.xml:34:25-66
90
91                <category android:name="android.intent.category.DEFAULT" />
91-->[com.google.firebase:firebase-auth:21.0.8] AndroidManifest.xml:36:17-76
91-->[com.google.firebase:firebase-auth:21.0.8] AndroidManifest.xml:36:27-73
92                <category android:name="android.intent.category.BROWSABLE" />
92-->[com.google.firebase:firebase-auth:21.0.8] AndroidManifest.xml:37:17-78
92-->[com.google.firebase:firebase-auth:21.0.8] AndroidManifest.xml:37:27-75
93
94                <data
94-->[com.google.firebase:firebase-auth:21.0.8] AndroidManifest.xml:39:17-42:51
95                    android:host="firebase.auth"
95-->[com.google.firebase:firebase-auth:21.0.8] AndroidManifest.xml:40:21-49
96                    android:path="/"
96-->[com.google.firebase:firebase-auth:21.0.8] AndroidManifest.xml:41:21-37
97                    android:scheme="recaptcha" />
97-->[com.google.firebase:firebase-auth:21.0.8] AndroidManifest.xml:42:21-48
98            </intent-filter>
99        </activity>
100
101        <service
101-->[com.google.firebase:firebase-auth:21.0.8] AndroidManifest.xml:64:9-70:19
102            android:name="com.google.firebase.components.ComponentDiscoveryService"
102-->[com.google.firebase:firebase-auth:21.0.8] AndroidManifest.xml:65:13-84
103            android:directBootAware="true"
103-->[com.google.firebase:firebase-common:20.1.2] AndroidManifest.xml:35:13-43
104            android:exported="false" >
104-->[com.google.firebase:firebase-auth:21.0.8] AndroidManifest.xml:66:13-37
105            <meta-data
105-->[com.google.firebase:firebase-auth:21.0.8] AndroidManifest.xml:67:13-69:85
106                android:name="com.google.firebase.components:com.google.firebase.auth.FirebaseAuthRegistrar"
106-->[com.google.firebase:firebase-auth:21.0.8] AndroidManifest.xml:68:17-109
107                android:value="com.google.firebase.components.ComponentRegistrar" />
107-->[com.google.firebase:firebase-auth:21.0.8] AndroidManifest.xml:69:17-82
108            <meta-data
108-->[com.google.firebase:firebase-database:20.0.6] AndroidManifest.xml:32:13-34:85
109                android:name="com.google.firebase.components:com.google.firebase.database.DatabaseRegistrar"
109-->[com.google.firebase:firebase-database:20.0.6] AndroidManifest.xml:33:17-109
110                android:value="com.google.firebase.components.ComponentRegistrar" />
110-->[com.google.firebase:firebase-database:20.0.6] AndroidManifest.xml:34:17-82
111            <meta-data
111-->[com.google.firebase:firebase-storage:20.0.2] AndroidManifest.xml:33:13-35:85
112                android:name="com.google.firebase.components:com.google.firebase.storage.StorageRegistrar"
112-->[com.google.firebase:firebase-storage:20.0.2] AndroidManifest.xml:34:17-107
113                android:value="com.google.firebase.components.ComponentRegistrar" />
113-->[com.google.firebase:firebase-storage:20.0.2] AndroidManifest.xml:35:17-82
114            <meta-data
114-->[com.google.firebase:firebase-firestore:24.3.1] AndroidManifest.xml:20:13-22:85
115                android:name="com.google.firebase.components:com.google.firebase.firestore.FirestoreRegistrar"
115-->[com.google.firebase:firebase-firestore:24.3.1] AndroidManifest.xml:21:17-111
116                android:value="com.google.firebase.components.ComponentRegistrar" />
116-->[com.google.firebase:firebase-firestore:24.3.1] AndroidManifest.xml:22:17-82
117        </service>
118
119        <activity
119-->[com.google.android.gms:play-services-auth:20.3.0] AndroidManifest.xml:23:9-27:75
120            android:name="com.google.android.gms.auth.api.signin.internal.SignInHubActivity"
120-->[com.google.android.gms:play-services-auth:20.3.0] AndroidManifest.xml:24:13-93
121            android:excludeFromRecents="true"
121-->[com.google.android.gms:play-services-auth:20.3.0] AndroidManifest.xml:25:13-46
122            android:exported="false"
122-->[com.google.android.gms:play-services-auth:20.3.0] AndroidManifest.xml:26:13-37
123            android:theme="@android:style/Theme.Translucent.NoTitleBar" />
123-->[com.google.android.gms:play-services-auth:20.3.0] AndroidManifest.xml:27:13-72
124        <!--
125            Service handling Google Sign-In user revocation. For apps that do not integrate with
126            Google Sign-In, this service will never be started.
127        -->
128        <service
128-->[com.google.android.gms:play-services-auth:20.3.0] AndroidManifest.xml:33:9-37:51
129            android:name="com.google.android.gms.auth.api.signin.RevocationBoundService"
129-->[com.google.android.gms:play-services-auth:20.3.0] AndroidManifest.xml:34:13-89
130            android:exported="true"
130-->[com.google.android.gms:play-services-auth:20.3.0] AndroidManifest.xml:35:13-36
131            android:permission="com.google.android.gms.auth.api.signin.permission.REVOCATION_NOTIFICATION"
131-->[com.google.android.gms:play-services-auth:20.3.0] AndroidManifest.xml:36:13-107
132            android:visibleToInstantApps="true" />
132-->[com.google.android.gms:play-services-auth:20.3.0] AndroidManifest.xml:37:13-48
133
134        <provider
134-->[com.squareup.picasso:picasso:2.8] AndroidManifest.xml:8:9-11:40
135            android:name="com.squareup.picasso.PicassoProvider"
135-->[com.squareup.picasso:picasso:2.8] AndroidManifest.xml:9:13-64
136            android:authorities="com.example.quizgame.com.squareup.picasso"
136-->[com.squareup.picasso:picasso:2.8] AndroidManifest.xml:10:13-72
137            android:exported="false" />
137-->[com.squareup.picasso:picasso:2.8] AndroidManifest.xml:11:13-37
138        <provider
138-->[com.google.firebase:firebase-common:20.1.2] AndroidManifest.xml:26:9-31:39
139            android:name="com.google.firebase.provider.FirebaseInitProvider"
139-->[com.google.firebase:firebase-common:20.1.2] AndroidManifest.xml:27:13-77
140            android:authorities="com.example.quizgame.firebaseinitprovider"
140-->[com.google.firebase:firebase-common:20.1.2] AndroidManifest.xml:28:13-72
141            android:directBootAware="true"
141-->[com.google.firebase:firebase-common:20.1.2] AndroidManifest.xml:29:13-43
142            android:exported="false"
142-->[com.google.firebase:firebase-common:20.1.2] AndroidManifest.xml:30:13-37
143            android:initOrder="100" />
143-->[com.google.firebase:firebase-common:20.1.2] AndroidManifest.xml:31:13-36
144
145        <activity
145-->[com.google.android.gms:play-services-base:18.0.1] AndroidManifest.xml:20:9-22:45
146            android:name="com.google.android.gms.common.api.GoogleApiActivity"
146-->[com.google.android.gms:play-services-base:18.0.1] AndroidManifest.xml:20:19-85
147            android:exported="false"
147-->[com.google.android.gms:play-services-base:18.0.1] AndroidManifest.xml:22:19-43
148            android:theme="@android:style/Theme.Translucent.NoTitleBar" />
148-->[com.google.android.gms:play-services-base:18.0.1] AndroidManifest.xml:21:19-78
149
150        <meta-data
150-->[com.google.android.gms:play-services-basement:18.1.0] AndroidManifest.xml:21:9-23:69
151            android:name="com.google.android.gms.version"
151-->[com.google.android.gms:play-services-basement:18.1.0] AndroidManifest.xml:22:13-58
152            android:value="@integer/google_play_services_version" />
152-->[com.google.android.gms:play-services-basement:18.1.0] AndroidManifest.xml:23:13-66
153
154        <provider
154-->[androidx.emoji2:emoji2:1.2.0] AndroidManifest.xml:24:9-32:20
155            android:name="androidx.startup.InitializationProvider"
155-->[androidx.emoji2:emoji2:1.2.0] AndroidManifest.xml:25:13-67
156            android:authorities="com.example.quizgame.androidx-startup"
156-->[androidx.emoji2:emoji2:1.2.0] AndroidManifest.xml:26:13-68
157            android:exported="false" >
157-->[androidx.emoji2:emoji2:1.2.0] AndroidManifest.xml:27:13-37
158            <meta-data
158-->[androidx.emoji2:emoji2:1.2.0] AndroidManifest.xml:29:13-31:52
159                android:name="androidx.emoji2.text.EmojiCompatInitializer"
159-->[androidx.emoji2:emoji2:1.2.0] AndroidManifest.xml:30:17-75
160                android:value="androidx.startup" />
160-->[androidx.emoji2:emoji2:1.2.0] AndroidManifest.xml:31:17-49
161            <meta-data
161-->[androidx.lifecycle:lifecycle-process:2.4.1] AndroidManifest.xml:31:13-33:52
162                android:name="androidx.lifecycle.ProcessLifecycleInitializer"
162-->[androidx.lifecycle:lifecycle-process:2.4.1] AndroidManifest.xml:32:17-78
163                android:value="androidx.startup" />
163-->[androidx.lifecycle:lifecycle-process:2.4.1] AndroidManifest.xml:33:17-49
164        </provider>
165    </application>
166
167</manifest>